15/12/21 11:28 [main]  INFO org.hibernate.jpa.internal.util.LogHelper:31 - HHH000204: Processing PersistenceUnitInfo [name: filme3]
15/12/21 11:28 [main]  INFO org.hibernate.Version:44 - HHH000412: Hibernate ORM core version 5.6.2.Final
15/12/21 11:28 [main]  INFO org.hibernate.annotations.common.Version:56 - HCANN000001: Hibernate Commons Annotations {5.1.2.Final}
15/12/21 11:28 [main]  WARN org.hibernate.orm.connections.pooling:72 - HHH10001002: Using Hibernate built-in connection pool (not for production use!)
15/12/21 11:28 [main]  INFO org.hibernate.orm.connections.pooling:115 - HHH10001005: using driver [org.postgresql.Driver] at URL [jdbc:postgresql://localhost:5432/filme3]
15/12/21 11:28 [main]  INFO org.hibernate.orm.connections.pooling:124 - HHH10001001: Connection properties: {password=****, user=postgres}
15/12/21 11:28 [main]  INFO org.hibernate.orm.connections.pooling:129 - HHH10001003: Autocommit mode: false
15/12/21 11:28 [main]  INFO org.hibernate.engine.jdbc.connections.internal.DriverManagerConnectionProviderImpl:274 - HHH000115: Hibernate connection pool size: 20 (min=1)
15/12/21 11:28 [main]  INFO org.hibernate.dialect.Dialect:175 - HHH000400: Using dialect: org.hibernate.dialect.PostgreSQL10Dialect
15/12/21 11:28 [main]  INFO org.hibernate.orm.connections.access:48 - HHH10001501: Connection obtained from JdbcConnectionAccess [org.hibernate.engine.jdbc.env.internal.JdbcEnvironmentInitiator$ConnectionProviderJdbcConnectionAccess@c755b2] for (non-JTA) DDL execution was not in auto-commit mode; the Connection 'local transaction' will be committed and the Connection will be set into auto-commit mode.
15/12/21 11:28 [main]  INFO org.hibernate.engine.transaction.jta.platform.internal.JtaPlatformInitiator:52 - HHH000490: Using JtaPlatform implementation: [org.hibernate.engine.transaction.jta.platform.internal.NoJtaPlatform]
15/12/21 11:43 [main]  INFO org.hibernate.jpa.internal.util.LogHelper:31 - HHH000204: Processing PersistenceUnitInfo [name: filme3]
15/12/21 11:43 [main]  INFO org.hibernate.Version:44 - HHH000412: Hibernate ORM core version 5.6.2.Final
15/12/21 11:43 [main]  INFO org.hibernate.annotations.common.Version:56 - HCANN000001: Hibernate Commons Annotations {5.1.2.Final}
15/12/21 11:43 [main]  WARN org.hibernate.orm.connections.pooling:72 - HHH10001002: Using Hibernate built-in connection pool (not for production use!)
15/12/21 11:43 [main]  INFO org.hibernate.orm.connections.pooling:115 - HHH10001005: using driver [org.postgresql.Driver] at URL [jdbc:postgresql://localhost:5432/filme3]
15/12/21 11:43 [main]  INFO org.hibernate.orm.connections.pooling:124 - HHH10001001: Connection properties: {password=****, user=postgres}
15/12/21 11:43 [main]  INFO org.hibernate.orm.connections.pooling:129 - HHH10001003: Autocommit mode: false
15/12/21 11:43 [main]  INFO org.hibernate.engine.jdbc.connections.internal.DriverManagerConnectionProviderImpl:274 - HHH000115: Hibernate connection pool size: 20 (min=1)
15/12/21 11:43 [main]  INFO org.hibernate.dialect.Dialect:175 - HHH000400: Using dialect: org.hibernate.dialect.PostgreSQL10Dialect
15/12/21 11:43 [main]  INFO org.hibernate.orm.connections.access:48 - HHH10001501: Connection obtained from JdbcConnectionAccess [org.hibernate.engine.jdbc.env.internal.JdbcEnvironmentInitiator$ConnectionProviderJdbcConnectionAccess@2a369e14] for (non-JTA) DDL execution was not in auto-commit mode; the Connection 'local transaction' will be committed and the Connection will be set into auto-commit mode.
15/12/21 11:43 [main]  INFO org.hibernate.engine.transaction.jta.platform.internal.JtaPlatformInitiator:52 - HHH000490: Using JtaPlatform implementation: [org.hibernate.engine.transaction.jta.platform.internal.NoJtaPlatform]
15/12/21 11:47 [main]  INFO org.hibernate.jpa.internal.util.LogHelper:31 - HHH000204: Processing PersistenceUnitInfo [name: filme3]
15/12/21 11:47 [main]  INFO org.hibernate.Version:44 - HHH000412: Hibernate ORM core version 5.6.2.Final
15/12/21 11:47 [main]  INFO org.hibernate.annotations.common.Version:56 - HCANN000001: Hibernate Commons Annotations {5.1.2.Final}
15/12/21 11:47 [main]  WARN org.hibernate.orm.connections.pooling:72 - HHH10001002: Using Hibernate built-in connection pool (not for production use!)
15/12/21 11:47 [main]  INFO org.hibernate.orm.connections.pooling:115 - HHH10001005: using driver [org.postgresql.Driver] at URL [jdbc:postgresql://localhost:5432/filme3]
15/12/21 11:47 [main]  INFO org.hibernate.orm.connections.pooling:124 - HHH10001001: Connection properties: {password=****, user=postgres}
15/12/21 11:47 [main]  INFO org.hibernate.orm.connections.pooling:129 - HHH10001003: Autocommit mode: false
15/12/21 11:47 [main]  INFO org.hibernate.engine.jdbc.connections.internal.DriverManagerConnectionProviderImpl:274 - HHH000115: Hibernate connection pool size: 20 (min=1)
15/12/21 11:47 [main]  INFO org.hibernate.dialect.Dialect:175 - HHH000400: Using dialect: org.hibernate.dialect.PostgreSQL10Dialect
15/12/21 11:47 [main]  INFO org.hibernate.orm.connections.access:48 - HHH10001501: Connection obtained from JdbcConnectionAccess [org.hibernate.engine.jdbc.env.internal.JdbcEnvironmentInitiator$ConnectionProviderJdbcConnectionAccess@2a369e14] for (non-JTA) DDL execution was not in auto-commit mode; the Connection 'local transaction' will be committed and the Connection will be set into auto-commit mode.
15/12/21 11:47 [main]  INFO org.hibernate.engine.transaction.jta.platform.internal.JtaPlatformInitiator:52 - HHH000490: Using JtaPlatform implementation: [org.hibernate.engine.transaction.jta.platform.internal.NoJtaPlatform]
15/12/21 12:00 [main]  WARN org.hibernate.orm.connections.pooling:72 - HHH10001002: Using Hibernate built-in connection pool (not for production use!)
15/12/21 12:02 [main]  WARN org.hibernate.orm.connections.pooling:72 - HHH10001002: Using Hibernate built-in connection pool (not for production use!)
15/12/21 12:03 [main]  WARN org.hibernate.orm.connections.pooling:72 - HHH10001002: Using Hibernate built-in connection pool (not for production use!)
15/12/21 12:05 [main]  WARN org.hibernate.orm.connections.pooling:72 - HHH10001002: Using Hibernate built-in connection pool (not for production use!)
15/12/21 12:07 [main]  WARN org.hibernate.orm.connections.pooling:72 - HHH10001002: Using Hibernate built-in connection pool (not for production use!)
15/12/21 12:09 [main]  WARN org.hibernate.orm.connections.pooling:72 - HHH10001002: Using Hibernate built-in connection pool (not for production use!)
15/12/21 12:09 [main]  WARN org.hibernate.orm.connections.pooling:72 - HHH10001002: Using Hibernate built-in connection pool (not for production use!)
15/12/21 12:10 [main]  WARN org.hibernate.orm.connections.pooling:72 - HHH10001002: Using Hibernate built-in connection pool (not for production use!)
15/12/21 12:11 [main]  WARN org.hibernate.orm.connections.pooling:72 - HHH10001002: Using Hibernate built-in connection pool (not for production use!)
15/12/21 12:12 [main]  WARN org.hibernate.orm.connections.pooling:72 - HHH10001002: Using Hibernate built-in connection pool (not for production use!)
15/12/21 12:17 [main]  WARN org.hibernate.orm.connections.pooling:72 - HHH10001002: Using Hibernate built-in connection pool (not for production use!)
15/12/21 12:17 [main]  WARN org.hibernate.orm.connections.pooling:72 - HHH10001002: Using Hibernate built-in connection pool (not for production use!)
15/12/21 12:17 [main]  WARN org.hibernate.orm.connections.pooling:72 - HHH10001002: Using Hibernate built-in connection pool (not for production use!)
15/12/21 12:21 [main]  WARN org.hibernate.orm.connections.pooling:72 - HHH10001002: Using Hibernate built-in connection pool (not for production use!)
15/12/21 12:24 [main]  WARN org.hibernate.orm.connections.pooling:72 - HHH10001002: Using Hibernate built-in connection pool (not for production use!)
15/12/21 12:24 [main]  WARN org.hibernate.orm.connections.pooling:72 - HHH10001002: Using Hibernate built-in connection pool (not for production use!)
15/12/21 12:28 [main]  WARN org.hibernate.orm.connections.pooling:72 - HHH10001002: Using Hibernate built-in connection pool (not for production use!)
15/12/21 12:29 [main]  WARN org.hibernate.orm.connections.pooling:72 - HHH10001002: Using Hibernate built-in connection pool (not for production use!)
15/12/21 12:31 [main]  WARN org.hibernate.orm.connections.pooling:72 - HHH10001002: Using Hibernate built-in connection pool (not for production use!)
15/12/21 12:31 [main]  WARN org.hibernate.orm.connections.pooling:72 - HHH10001002: Using Hibernate built-in connection pool (not for production use!)
15/12/21 12:33 [main]  WARN org.hibernate.orm.connections.pooling:72 - HHH10001002: Using Hibernate built-in connection pool (not for production use!)
15/12/21 12:33 [main]  WARN org.hibernate.orm.connections.pooling:72 - HHH10001002: Using Hibernate built-in connection pool (not for production use!)
15/12/21 12:38 [main]  WARN org.hibernate.orm.connections.pooling:72 - HHH10001002: Using Hibernate built-in connection pool (not for production use!)
15/12/21 12:38 [main]  WARN org.hibernate.orm.connections.pooling:72 - HHH10001002: Using Hibernate built-in connection pool (not for production use!)
